Wed Jan 31 18:56:23 EET 2018 : Apache Derby Network Server - 10.11.1.2 - (1629631) started and ready to accept connections on port 1527
----------------------------------------------------------------
Wed Jan 31 18:56:24 EET 2018:
Booting Derby version The Apache Software Foundation - Apache Derby - 10.11.1.2 - (1629631): instance a816c00e-0161-4d25-e22a-000042cbdbee 
on database directory D:\NetBeans8_2\Java6RotaruGeorge\eBookStore\db\EBOOKSTORE with class loader sun.misc.Launcher$AppClassLoader@1d44bcfa 
Loaded from file:/C:/Java/jdk1_8_0_141/db/lib/derby.jar
java.vendor=Oracle Corporation
java.runtime.version=1.8.0_141-b15
user.dir=C:\Java\jdk1_8_0_141\db
os.name=Windows 10
os.arch=amd64
os.version=10.0
derby.system.home=D:\NetBeans8_2\Java6RotaruGeorge\eBookStore\db
Database Class Loader started - derby.database.classpath=''
----------------------------------------------------------------
Wed Jan 31 18:56:25 EET 2018:
Shutting down instance a816c00e-0161-4d25-e22a-000042cbdbee on database directory D:\NetBeans8_2\Java6RotaruGeorge\eBookStore\db\EBOOKSTORE with class loader sun.misc.Launcher$AppClassLoader@1d44bcfa 
Wed Jan 31 18:56:25 EET 2018 Thread[DRDAConnThread_3,5,main] (DATABASE = EBOOKSTORE), (DRDAID = {2}), Database 'EBOOKSTORE' shutdown.
----------------------------------------------------------------
Wed Jan 31 18:56:39 EET 2018:
Booting Derby version The Apache Software Foundation - Apache Derby - 10.11.1.2 - (1629631): instance a65c80ac-0161-4d25-e22a-000042cbdbee 
on database directory D:\NetBeans8_2\Java6RotaruGeorge\eBookStore\db\EBOOKSTORE with class loader sun.misc.Launcher$AppClassLoader@1d44bcfa 
Loaded from file:/C:/Java/jdk1_8_0_141/db/lib/derby.jar
java.vendor=Oracle Corporation
java.runtime.version=1.8.0_141-b15
user.dir=C:\Java\jdk1_8_0_141\db
os.name=Windows 10
os.arch=amd64
os.version=10.0
derby.system.home=D:\NetBeans8_2\Java6RotaruGeorge\eBookStore\db
Database Class Loader started - derby.database.classpath=''
